2025-07-26 10:45:31,376 - math_engine - INFO - {"service": "math_engine", "timestamp": "2025-07-26T17:45:31.376350", "message": "Registered health check: system_resources", "interval": 30.0}
2025-07-26 10:45:31,376 - math_engine - INFO - {"service": "math_engine", "timestamp": "2025-07-26T17:45:31.376865", "message": "Registered health check: memory_usage", "interval": 60.0}
2025-07-26 10:45:31,376 - math_engine - INFO - {"service": "math_engine", "timestamp": "2025-07-26T17:45:31.376980", "message": "Added alert rule for system.cpu.usage_percent", "threshold": 80.0, "severity": "warning"}
2025-07-26 10:45:31,377 - math_engine - INFO - {"service": "math_engine", "timestamp": "2025-07-26T17:45:31.377064", "message": "Added alert rule for system.memory.usage_percent", "threshold": 85.0, "severity": "critical"}
2025-07-26 10:45:31,377 - math_engine - INFO - {"service": "math_engine", "timestamp": "2025-07-26T17:45:31.377133", "message": "Added alert rule for request.response_time", "threshold": 5.0, "severity": "warning"}
2025-07-26 10:47:21,665 - math_engine - INFO - {"service": "math_engine", "timestamp": "2025-07-26T17:47:21.665353", "message": "Registered health check: system_resources", "interval": 30.0}
2025-07-26 10:47:21,665 - math_engine - INFO - {"service": "math_engine", "timestamp": "2025-07-26T17:47:21.665728", "message": "Registered health check: memory_usage", "interval": 60.0}
2025-07-26 10:47:21,665 - math_engine - INFO - {"service": "math_engine", "timestamp": "2025-07-26T17:47:21.665778", "message": "Added alert rule for system.cpu.usage_percent", "threshold": 80.0, "severity": "warning"}
2025-07-26 10:47:21,665 - math_engine - INFO - {"service": "math_engine", "timestamp": "2025-07-26T17:47:21.665813", "message": "Added alert rule for system.memory.usage_percent", "threshold": 85.0, "severity": "critical"}
2025-07-26 10:47:21,665 - math_engine - INFO - {"service": "math_engine", "timestamp": "2025-07-26T17:47:21.665843", "message": "Added alert rule for request.response_time", "threshold": 5.0, "severity": "warning"}
2025-07-26 10:51:17,654 - math_engine - INFO - {"service": "math_engine", "timestamp": "2025-07-26T17:51:17.654771", "message": "Registered health check: system_resources", "interval": 30.0}
2025-07-26 10:51:17,655 - math_engine - INFO - {"service": "math_engine", "timestamp": "2025-07-26T17:51:17.655174", "message": "Registered health check: memory_usage", "interval": 60.0}
2025-07-26 10:51:17,655 - math_engine - INFO - {"service": "math_engine", "timestamp": "2025-07-26T17:51:17.655236", "message": "Added alert rule for system.cpu.usage_percent", "threshold": 80.0, "severity": "warning"}
2025-07-26 10:51:17,655 - math_engine - INFO - {"service": "math_engine", "timestamp": "2025-07-26T17:51:17.655274", "message": "Added alert rule for system.memory.usage_percent", "threshold": 85.0, "severity": "critical"}
2025-07-26 10:51:17,655 - math_engine - INFO - {"service": "math_engine", "timestamp": "2025-07-26T17:51:17.655305", "message": "Added alert rule for request.response_time", "threshold": 5.0, "severity": "warning"}
2025-07-26 10:52:15,615 - math_engine - INFO - {"service": "math_engine", "timestamp": "2025-07-26T10:52:15.615949", "message": "Registered health check: system_resources", "interval": 30.0}
2025-07-26 10:52:15,616 - math_engine - INFO - {"service": "math_engine", "timestamp": "2025-07-26T10:52:15.616232", "message": "Registered health check: memory_usage", "interval": 60.0}
2025-07-26 10:52:15,616 - math_engine - INFO - {"service": "math_engine", "timestamp": "2025-07-26T10:52:15.616280", "message": "Added alert rule for system.cpu.usage_percent", "threshold": 80.0, "severity": "warning"}
2025-07-26 10:52:15,616 - math_engine - INFO - {"service": "math_engine", "timestamp": "2025-07-26T10:52:15.616313", "message": "Added alert rule for system.memory.usage_percent", "threshold": 85.0, "severity": "critical"}
2025-07-26 10:52:15,616 - math_engine - INFO - {"service": "math_engine", "timestamp": "2025-07-26T10:52:15.616340", "message": "Added alert rule for request.response_time", "threshold": 5.0, "severity": "warning"}
